# JRE version: OpenJDK Runtime Environment AdoptOpenJDK (11.0.9+11) (build 11.0.9+11)
# Java VM: OpenJDK 64-Bit Server VM AdoptOpenJDK (11.0.9+11, mixed mode, tiered, compressed oops, parallel gc, windows-amd64)
Heap:
 PSYoungGen      total 3584K, used 1167K [0x00000000eab00000, 0x00000000eb000000, 0x0000000100000000)
  eden space 3072K, 33% used [0x00000000eab00000,0x00000000eac03d38,0x00000000eae00000)
  from space 512K, 25% used [0x00000000eaf00000,0x00000000eaf20000,0x00000000eaf80000)
  to   space 512K, 0% used [0x00000000eaf80000,0x00000000eaf80000,0x00000000eb000000)
 ParOldGen       total 114688K, used 103141K [0x00000000c0000000, 0x00000000c7000000, 0x00000000eab00000)
  object space 114688K, 89% used [0x00000000c0000000,0x00000000c64b9520,0x00000000c7000000)
 Metaspace       used 76790K, capacity 80097K, committed 80256K, reserved 1122304K
  class space    used 6789K, capacity 7980K, committed 8064K, reserved 1048576K
GC Heap History (20 events):
Event: 20103.842 GC heap before
{Heap before GC invocations=6958 (full 185):
 PSYoungGen      total 5632K, used 5312K [0x00000000eab00000, 0x00000000eb580000, 0x0000000100000000)
  eden space 4608K, 100% used [0x00000000eab00000,0x00000000eaf80000,0x00000000eaf80000)
  from space 1024K, 68% used [0x00000000eb100000,0x00000000eb1b0000,0x00000000eb200000)
  to   space 2048K, 0% used [0x00000000eb380000,0x00000000eb380000,0x00000000eb580000)
 ParOldGen       total 109056K, used 102401K [0x00000000c0000000, 0x00000000c6a80000, 0x00000000eab00000)
  object space 109056K, 93% used [0x00000000c0000000,0x00000000c6400558,0x00000000c6a80000)
 Metaspace       used 76789K, capacity 80097K, committed 80256K, reserved 1122304K
  class space    used 6789K, capacity 7980K, committed 8064K, reserved 1048576K
}
Event: 20103.844 GC heap after
{Heap after GC invocations=6958 (full 185):
 PSYoungGen      total 5120K, used 128K [0x00000000eab00000, 0x00000000eb400000, 0x0000000100000000)
  eden space 4608K, 0% used [0x00000000eab00000,0x00000000eab00000,0x00000000eaf80000)
  from space 512K, 25% used [0x00000000eb380000,0x00000000eb3a0000,0x00000000eb400000)
  to   space 512K, 0% used [0x00000000eb300000,0x00000000eb300000,0x00000000eb380000)
 ParOldGen       total 109056K, used 102954K [0x00000000c0000000, 0x00000000c6a80000, 0x00000000eab00000)
  object space 109056K, 94% used [0x00000000c0000000,0x00000000c648aab8,0x00000000c6a80000)
 Metaspace       used 76789K, capacity 80097K, committed 80256K, reserved 1122304K
  class space    used 6789K, capacity 7980K, committed 8064K, reserved 1048576K
}
Event: 20105.007 GC heap before
{Heap before GC invocations=6959 (full 185):
 PSYoungGen      total 5120K, used 4736K [0x00000000eab00000, 0x00000000eb400000, 0x0000000100000000)
  eden space 4608K, 100% used [0x00000000eab00000,0x00000000eaf80000,0x00000000eaf80000)
  from space 512K, 25% used [0x00000000eb380000,0x00000000eb3a0000,0x00000000eb400000)
  to   space 512K, 0% used [0x00000000eb300000,0x00000000eb300000,0x00000000eb380000)
 ParOldGen       total 109056K, used 102954K [0x00000000c0000000, 0x00000000c6a80000, 0x00000000eab00000)
  object space 109056K, 94% used [0x00000000c0000000,0x00000000c648aab8,0x00000000c6a80000)
 Metaspace       used 76789K, capacity 80097K, committed 80256K, reserved 1122304K
  class space    used 6789K, capacity 7980K, committed 8064K, reserved 1048576K
}
Event: 20105.009 GC heap after
{Heap after GC invocations=6959 (full 185):
 PSYoungGen      total 5120K, used 494K [0x00000000eab00000, 0x00000000eb580000, 0x0000000100000000)
  eden space 4608K, 0% used [0x00000000eab00000,0x00000000eab00000,0x00000000eaf80000)
  from space 512K, 96% used [0x00000000eb300000,0x00000000eb37b898,0x00000000eb380000)
  to   space 2048K, 0% used [0x00000000eb380000,0x00000000eb380000,0x00000000eb580000)
 ParOldGen       total 109056K, used 104888K [0x00000000c0000000, 0x00000000c6a80000, 0x00000000eab00000)
  object space 109056K, 96% used [0x00000000c0000000,0x00000000c666e350,0x00000000c6a80000)
 Metaspace       used 76789K, capacity 80097K, committed 80256K, reserved 1122304K
  class space    used 6789K, capacity 7980K, committed 8064K, reserved 1048576K
}
Event: 20105.031 GC heap before
{Heap before GC invocations=6960 (full 185):
 PSYoungGen      total 5120K, used 5102K [0x00000000eab00000, 0x00000000eb580000, 0x0000000100000000)
  eden space 4608K, 100% used [0x00000000eab00000,0x00000000eaf80000,0x00000000eaf80000)
  from space 512K, 96% used [0x00000000eb300000,0x00000000eb37b898,0x00000000eb380000)
  to   space 2048K, 0% used [0x00000000eb380000,0x00000000eb380000,0x00000000eb580000)
 ParOldGen       total 109056K, used 104888K [0x00000000c0000000, 0x00000000c6a80000, 0x00000000eab00000)
  object space 109056K, 96% used [0x00000000c0000000,0x00000000c666e350,0x00000000c6a80000)
 Metaspace       used 76789K, capacity 80097K, committed 80256K, reserved 1122304K
  class space    used 6789K, capacity 7980K, committed 8064K, reserved 1048576K
}
Event: 20105.035 GC heap after
{Heap after GC invocations=6960 (full 185):
 PSYoungGen      total 4608K, used 2048K [0x00000000eab00000, 0x00000000ebb80000, 0x0000000100000000)
  eden space 2560K, 0% used [0x00000000eab00000,0x00000000eab00000,0x00000000ead80000)
  from space 2048K, 100% used [0x00000000eb380000,0x00000000eb580000,0x00000000eb580000)
  to   space 6144K, 0% used [0x00000000ead80000,0x00000000ead80000,0x00000000eb380000)
 ParOldGen       total 109056K, used 107957K [0x00000000c0000000, 0x00000000c6a80000, 0x00000000eab00000)
  object space 109056K, 98% used [0x00000000c0000000,0x00000000c696d628,0x00000000c6a80000)
 Metaspace       used 76789K, capacity 80097K, committed 80256K, reserved 1122304K
  class space    used 6789K, capacity 7980K, committed 8064K, reserved 1048576K
}
Event: 20105.035 GC heap before
{Heap before GC invocations=6961 (full 186):
 PSYoungGen      total 4608K, used 2048K [0x00000000eab00000, 0x00000000ebb80000, 0x0000000100000000)
  eden space 2560K, 0% used [0x00000000eab00000,0x00000000eab00000,0x00000000ead80000)
  from space 2048K, 100% used [0x00000000eb380000,0x00000000eb580000,0x00000000eb580000)
  to   space 6144K, 0% used [0x00000000ead80000,0x00000000ead80000,0x00000000eb380000)
 ParOldGen       total 109056K, used 107957K [0x00000000c0000000, 0x00000000c6a80000, 0x00000000eab00000)
  object space 109056K, 98% used [0x00000000c0000000,0x00000000c696d628,0x00000000c6a80000)
 Metaspace       used 76789K, capacity 80097K, committed 80256K, reserved 1122304K
  class space    used 6789K, capacity 7980K, committed 8064K, reserved 1048576K
}
Event: 20105.130 GC heap after
{Heap after GC invocations=6961 (full 186):
 PSYoungGen      total 8704K, used 0K [0x00000000eab00000, 0x00000000eb980000, 0x0000000100000000)
  eden space 2560K, 0% used [0x00000000eab00000,0x00000000eab00000,0x00000000ead80000)
  from space 6144K, 0% used [0x00000000ead80000,0x00000000ead80000,0x00000000eb380000)
  to   space 6144K, 0% used [0x00000000eb380000,0x00000000eb380000,0x00000000eb980000)
 ParOldGen       total 114688K, used 93486K [0x00000000c0000000, 0x00000000c7000000, 0x00000000eab00000)
  object space 114688K, 81% used [0x00000000c0000000,0x00000000c5b4bb88,0x00000000c7000000)
 Metaspace       used 76789K, capacity 80097K, committed 80256K, reserved 1122304K
  class space    used 6789K, capacity 7980K, committed 8064K, reserved 1048576K
}
Event: 20105.138 GC heap before
{Heap before GC invocations=6962 (full 186):
 PSYoungGen      total 8704K, used 2560K [0x00000000eab00000, 0x00000000eb980000, 0x0000000100000000)
  eden space 2560K, 100% used [0x00000000eab00000,0x00000000ead80000,0x00000000ead80000)
  from space 6144K, 0% used [0x00000000ead80000,0x00000000ead80000,0x00000000eb380000)
  to   space 6144K, 0% used [0x00000000eb380000,0x00000000eb380000,0x00000000eb980000)
 ParOldGen       total 114688K, used 93486K [0x00000000c0000000, 0x00000000c7000000, 0x00000000eab00000)
  object space 114688K, 81% used [0x00000000c0000000,0x00000000c5b4bb88,0x00000000c7000000)
 Metaspace       used 76789K, capacity 80097K, committed 80256K, reserved 1122304K
  class space    used 6789K, capacity 7980K, committed 8064K, reserved 1048576K
}
Event: 20105.140 GC heap after
{Heap after GC invocations=6962 (full 186):
 PSYoungGen      total 3584K, used 752K [0x00000000eab00000, 0x00000000eb480000, 0x0000000100000000)
  eden space 2560K, 0% used [0x00000000eab00000,0x00000000eab00000,0x00000000ead80000)
  from space 1024K, 73% used [0x00000000eb380000,0x00000000eb43c010,0x00000000eb480000)
  to   space 2560K, 0% used [0x00000000eaf80000,0x00000000eaf80000,0x00000000eb200000)
 ParOldGen       total 114688K, used 93486K [0x00000000c0000000, 0x00000000c7000000, 0x00000000eab00000)
  object space 114688K, 81% used [0x00000000c0000000,0x00000000c5b4bb88,0x00000000c7000000)
 Metaspace       used 76789K, capacity 80097K, committed 80256K, reserved 1122304K
  class space    used 6789K, capacity 7980K, committed 8064K, reserved 1048576K
}
Event: 20105.149 GC heap before
{Heap before GC invocations=6963 (full 186):
 PSYoungGen      total 3584K, used 3312K [0x00000000eab00000, 0x00000000eb480000, 0x0000000100000000)
  eden space 2560K, 100% used [0x00000000eab00000,0x00000000ead80000,0x00000000ead80000)
  from space 1024K, 73% used [0x00000000eb380000,0x00000000eb43c010,0x00000000eb480000)
  to   space 2560K, 0% used [0x00000000eaf80000,0x00000000eaf80000,0x00000000eb200000)
 ParOldGen       total 114688K, used 93486K [0x00000000c0000000, 0x00000000c7000000, 0x00000000eab00000)
  object space 114688K, 81% used [0x00000000c0000000,0x00000000c5b4bb88,0x00000000c7000000)
 Metaspace       used 76790K, capacity 80097K, committed 80256K, reserved 1122304K
  class space    used 6789K, capacity 7980K, committed 8064K, reserved 1048576K
}
Event: 20105.151 GC heap after
{Heap after GC invocations=6963 (full 186):
 PSYoungGen      total 5120K, used 640K [0x00000000eab00000, 0x00000000eb400000, 0x0000000100000000)
  eden space 2560K, 0% used [0x00000000eab00000,0x00000000eab00000,0x00000000ead80000)
  from space 2560K, 25% used [0x00000000eaf80000,0x00000000eb020000,0x00000000eb200000)
  to   space 1024K, 0% used [0x00000000eb300000,0x00000000eb300000,0x00000000eb400000)
 ParOldGen       total 114688K, used 94142K [0x00000000c0000000, 0x00000000c7000000, 0x00000000eab00000)
  object space 114688K, 82% used [0x00000000c0000000,0x00000000c5befbd0,0x00000000c7000000)
 Metaspace       used 76790K, capacity 80097K, committed 80256K, reserved 1122304K
  class space    used 6789K, capacity 7980K, committed 8064K, reserved 1048576K
}
Event: 20105.159 GC heap before
{Heap before GC invocations=6964 (full 186):
 PSYoungGen      total 5120K, used 3200K [0x00000000eab00000, 0x00000000eb400000, 0x0000000100000000)
  eden space 2560K, 100% used [0x00000000eab00000,0x00000000ead80000,0x00000000ead80000)
  from space 2560K, 25% used [0x00000000eaf80000,0x00000000eb020000,0x00000000eb200000)
  to   space 1024K, 0% used [0x00000000eb300000,0x00000000eb300000,0x00000000eb400000)
 ParOldGen       total 114688K, used 94142K [0x00000000c0000000, 0x00000000c7000000, 0x00000000eab00000)
  object space 114688K, 82% used [0x00000000c0000000,0x00000000c5befbd0,0x00000000c7000000)
 Metaspace       used 76790K, capacity 80097K, committed 80256K, reserved 1122304K
  class space    used 6789K, capacity 7980K, committed 8064K, reserved 1048576K
}
Event: 20105.160 GC heap after
{Heap after GC invocations=6964 (full 186):
 PSYoungGen      total 3072K, used 224K [0x00000000eab00000, 0x00000000eb380000, 0x0000000100000000)
  eden space 2560K, 0% used [0x00000000eab00000,0x00000000eab00000,0x00000000ead80000)
  from space 512K, 43% used [0x00000000eb300000,0x00000000eb338000,0x00000000eb380000)
  to   space 512K, 0% used [0x00000000eb280000,0x00000000eb280000,0x00000000eb300000)
 ParOldGen       total 114688K, used 94719K [0x00000000c0000000, 0x00000000c7000000, 0x00000000eab00000)
  object space 114688K, 82% used [0x00000000c0000000,0x00000000c5c7fc38,0x00000000c7000000)
 Metaspace       used 76790K, capacity 80097K, committed 80256K, reserved 1122304K
  class space    used 6789K, capacity 7980K, committed 8064K, reserved 1048576K
}
Event: 20105.167 GC heap before
{Heap before GC invocations=6965 (full 186):
 PSYoungGen      total 3072K, used 2784K [0x00000000eab00000, 0x00000000eb380000, 0x0000000100000000)
  eden space 2560K, 100% used [0x00000000eab00000,0x00000000ead80000,0x00000000ead80000)
  from space 512K, 43% used [0x00000000eb300000,0x00000000eb338000,0x00000000eb380000)
  to   space 512K, 0% used [0x00000000eb280000,0x00000000eb280000,0x00000000eb300000)
 ParOldGen       total 114688K, used 94719K [0x00000000c0000000, 0x00000000c7000000, 0x00000000eab00000)
  object space 114688K, 82% used [0x00000000c0000000,0x00000000c5c7fc38,0x00000000c7000000)
 Metaspace       used 76790K, capacity 80097K, committed 80256K, reserved 1122304K
  class space    used 6789K, capacity 7980K, committed 8064K, reserved 1048576K
}
Event: 20105.168 GC heap after
{Heap after GC invocations=6965 (full 186):
 PSYoungGen      total 3072K, used 160K [0x00000000eab00000, 0x00000000eb380000, 0x0000000100000000)
  eden space 2560K, 0% used [0x00000000eab00000,0x00000000eab00000,0x00000000ead80000)
  from space 512K, 31% used [0x00000000eb280000,0x00000000eb2a8000,0x00000000eb300000)
  to   space 512K, 0% used [0x00000000eb300000,0x00000000eb300000,0x00000000eb380000)
 ParOldGen       total 114688K, used 94759K [0x00000000c0000000, 0x00000000c7000000, 0x00000000eab00000)
  object space 114688K, 82% used [0x00000000c0000000,0x00000000c5c89c38,0x00000000c7000000)
 Metaspace       used 76790K, capacity 80097K, committed 80256K, reserved 1122304K
  class space    used 6789K, capacity 7980K, committed 8064K, reserved 1048576K
}
Event: 20105.362 GC heap before
{Heap before GC invocations=6966 (full 186):
 PSYoungGen      total 3072K, used 2720K [0x00000000eab00000, 0x00000000eb380000, 0x0000000100000000)
  eden space 2560K, 100% used [0x00000000eab00000,0x00000000ead80000,0x00000000ead80000)
  from space 512K, 31% used [0x00000000eb280000,0x00000000eb2a8000,0x00000000eb300000)
  to   space 512K, 0% used [0x00000000eb300000,0x00000000eb300000,0x00000000eb380000)
 ParOldGen       total 114688K, used 94759K [0x00000000c0000000, 0x00000000c7000000, 0x00000000eab00000)
  object space 114688K, 82% used [0x00000000c0000000,0x00000000c5c89c38,0x00000000c7000000)
 Metaspace       used 76790K, capacity 80097K, committed 80256K, reserved 1122304K
  class space    used 6789K, capacity 7980K, committed 8064K, reserved 1048576K
}
Event: 20105.363 GC heap after
{Heap after GC invocations=6966 (full 186):
 PSYoungGen      total 3072K, used 224K [0x00000000eab00000, 0x00000000eb380000, 0x0000000100000000)
  eden space 2560K, 0% used [0x00000000eab00000,0x00000000eab00000,0x00000000ead80000)
  from space 512K, 43% used [0x00000000eb300000,0x00000000eb338000,0x00000000eb380000)
  to   space 512K, 0% used [0x00000000eb280000,0x00000000eb280000,0x00000000eb300000)
 ParOldGen       total 114688K, used 94775K [0x00000000c0000000, 0x00000000c7000000, 0x00000000eab00000)
  object space 114688K, 82% used [0x00000000c0000000,0x00000000c5c8dc38,0x00000000c7000000)
 Metaspace       used 76790K, capacity 80097K, committed 80256K, reserved 1122304K
  class space    used 6789K, capacity 7980K, committed 8064K, reserved 1048576K
}
Event: 20105.375 GC heap before
{Heap before GC invocations=6967 (full 186):
 PSYoungGen      total 3072K, used 2784K [0x00000000eab00000, 0x00000000eb380000, 0x0000000100000000)
  eden space 2560K, 100% used [0x00000000eab00000,0x00000000ead80000,0x00000000ead80000)
  from space 512K, 43% used [0x00000000eb300000,0x00000000eb338000,0x00000000eb380000)
  to   space 512K, 0% used [0x00000000eb280000,0x00000000eb280000,0x00000000eb300000)
 ParOldGen       total 114688K, used 94775K [0x00000000c0000000, 0x00000000c7000000, 0x00000000eab00000)
  object space 114688K, 82% used [0x00000000c0000000,0x00000000c5c8dc38,0x00000000c7000000)
 Metaspace       used 76790K, capacity 80097K, committed 80256K, reserved 1122304K
  class space    used 6789K, capacity 7980K, committed 8064K, reserved 1048576K
}
Event: 20105.377 GC heap after
{Heap after GC invocations=6967 (full 186):
 PSYoungGen      total 3072K, used 494K [0x00000000eab00000, 0x00000000eb380000, 0x0000000100000000)
  eden space 2560K, 0% used [0x00000000eab00000,0x00000000eab00000,0x00000000ead80000)
  from space 512K, 96% used [0x00000000eb280000,0x00000000eb2fb898,0x00000000eb300000)
  to   space 512K, 0% used [0x00000000eb300000,0x00000000eb300000,0x00000000eb380000)
 ParOldGen       total 114688K, used 95765K [0x00000000c0000000, 0x00000000c7000000, 0x00000000eab00000)
  object space 114688K, 83% used [0x00000000c0000000,0x00000000c5d854d0,0x00000000c7000000)
 Metaspace       used 76790K, capacity 80097K, committed 80256K, reserved 1122304K
  class space    used 6789K, capacity 7980K, committed 8064K, reserved 1048576K
}

